0 info it worked if it ends with ok
1 verbose cli [ '/usr/local/bin/node', '/usr/local/bin/npm', 'start' ]
2 info using npm@3.10.10
3 info using node@v6.11.1
4 verbose run-script [ 'prestart', 'start', 'poststart' ]
5 info lifecycle innov8@1.0.0~prestart: innov8@1.0.0
6 silly lifecycle innov8@1.0.0~prestart: no script for prestart, continuing
7 info lifecycle innov8@1.0.0~start: innov8@1.0.0
8 verbose lifecycle innov8@1.0.0~start: unsafe-perm in lifecycle true
9 verbose lifecycle innov8@1.0.0~start: PATH: /usr/local/lib/node_modules/npm/bin/node-gyp-bin:/home/gopal/Projects/web/innov8/node_modules/.bin:/usr/local/sbin:/usr/local/bin:/usr/sbin:/usr/bin:/sbin:/bin:/usr/games:/usr/local/games:/snap/bin:/snap/bin:/home/gopal/Android/Sdk/tools:/home/gopal/Android/Sdk/platform-tools:/home/gopal/pycharm-community-2017.1.3/bin:/home/gopal/mongodb-linux-x86_64-amazon-3.4.4/bin:/home/gopal/idea-IC-171.4424.56/bin:/usr/local/ampps/Ampps:/home/gopal/idea-IC-171.4424.56/bin:/home/gopal/Android/Sdk/tools:/home/gopal/Android/Sdk/platform-tools:/home/gopal/pycharm-community-2017.1.3/bin:/home/gopal/mongodb-linux-x86_64-amazon-3.4.4/bin:/home/gopal/idea-IC-171.4424.56/bin:/usr/local/ampps/Ampps:/home/gopal/idea-IC-171.4424.56/bin
10 verbose lifecycle innov8@1.0.0~start: CWD: /home/gopal/Projects/web/innov8
11 silly lifecycle innov8@1.0.0~start: Args: [ '-c', 'node ./app/app.js' ]
12 silly lifecycle innov8@1.0.0~start: Returned: code: 1  signal: null
13 info lifecycle innov8@1.0.0~start: Failed to exec start script
14 verbose stack Error: innov8@1.0.0 start: `node ./app/app.js`
14 verbose stack Exit status 1
14 verbose stack     at EventEmitter.<anonymous> (/usr/local/lib/node_modules/npm/lib/utils/lifecycle.js:255:16)
14 verbose stack     at emitTwo (events.js:106:13)
14 verbose stack     at EventEmitter.emit (events.js:191:7)
14 verbose stack     at ChildProcess.<anonymous> (/usr/local/lib/node_modules/npm/lib/utils/spawn.js:40:14)
14 verbose stack     at emitTwo (events.js:106:13)
14 verbose stack     at ChildProcess.emit (events.js:191:7)
14 verbose stack     at maybeClose (internal/child_process.js:891:16)
14 verbose stack     at Process.ChildProcess._handle.onexit (internal/child_process.js:226:5)
15 verbose pkgid innov8@1.0.0
16 verbose cwd /home/gopal/Projects/web/innov8/app
17 error Linux 4.10.0-26-generic
18 error argv "/usr/local/bin/node" "/usr/local/bin/npm" "start"
19 error node v6.11.1
20 error npm  v3.10.10
21 error code ELIFECYCLE
22 error innov8@1.0.0 start: `node ./app/app.js`
22 error Exit status 1
23 error Failed at the innov8@1.0.0 start script 'node ./app/app.js'.
23 error Make sure you have the latest version of node.js and npm installed.
23 error If you do, this is most likely a problem with the innov8 package,
23 error not with npm itself.
23 error Tell the author that this fails on your system:
23 error     node ./app/app.js
23 error You can get information on how to open an issue for this project with:
23 error     npm bugs innov8
23 error Or if that isn't available, you can get their info via:
23 error     npm owner ls innov8
23 error There is likely additional logging output above.
24 verbose exit [ 1, true ]
